2023-05-22 10:29:47,542 [Worker-4: Loading available Gradle versions] INFO  o.e.b.c.i.u.g.PublishedGradleVersions - Gradle version information cache is up-to-date. Trying to read.
2023-05-22 10:34:24,746 [Worker-13: Building] INFO  o.e.m.c.i.l.LifecycleMappingFactory - Using org.eclipse.m2e.jdt.JarLifecycleMapping lifecycle mapping for MavenProject: com.demo:gestioneVoli:0.0.1-SNAPSHOT @ C:\Users\aloie\Desktop\gestioneVoli\pom.xml.
2023-05-22 10:34:30,516 [Worker-13: Building] INFO  o.a.m.s.f.DefaultMavenResourcesFiltering - Copying 1 resource from src\main\resources to target\classes
2023-05-22 10:34:30,572 [Worker-13: Building] INFO  o.a.m.s.f.DefaultMavenResourcesFiltering - skip non existing resourceDirectory C:\Users\aloie\Desktop\gestioneVoli\src\test\resources
2023-05-22 10:34:30,932 [Worker-3: Updating Maven Dependencies] INFO  o.e.m.c.i.l.LifecycleMappingFactory - Using org.eclipse.m2e.jdt.JarLifecycleMapping lifecycle mapping for MavenProject: com.demo:gestioneVoli:0.0.1-SNAPSHOT @ C:\Users\aloie\Desktop\gestioneVoli\pom.xml.
2023-05-22 10:39:11,099 [Worker-6: Loading available Gradle versions] INFO  o.e.b.c.i.u.g.PublishedGradleVersions - Gradle version information cache is up-to-date. Trying to read.
2023-05-22 10:40:28,277 [Worker-6: Launching Executing clean in C__Users_aloie_Desktop_gestioneVoli] INFO  o.eclipse.m2e.core.internal.Bundles - getClasspathEntries(Bundle=org.eclipse.m2e.maven.runtime_3.8.701.20230209-1606 [346])
2023-05-22 10:40:28,295 [Worker-6: Launching Executing clean in C__Users_aloie_Desktop_gestioneVoli] INFO  o.eclipse.m2e.core.internal.Bundles - 	Entry: C:\Program Files\Java\sts-4.18.1.RELEASE\plugins\org.eclipse.m2e.maven.runtime_3.8.701.20230209-1606
2023-05-22 10:40:28,295 [Worker-6: Launching Executing clean in C__Users_aloie_Desktop_gestioneVoli] INFO  o.eclipse.m2e.core.internal.Bundles - 	Entry: C:\Program Files\Java\sts-4.18.1.RELEASE\plugins\org.eclipse.m2e.maven.runtime_3.8.701.20230209-1606\jars\aether-connector-okhttp-0.17.8.jar
2023-05-22 10:40:28,295 [Worker-6: Launching Executing clean in C__Users_aloie_Desktop_gestioneVoli] INFO  o.eclipse.m2e.core.internal.Bundles - 	Entry: C:\Program Files\Java\sts-4.18.1.RELEASE\plugins\org.eclipse.m2e.maven.runtime_3.8.701.20230209-1606\jars\commons-lang3-3.8.1.jar
2023-05-22 10:40:28,295 [Worker-6: Launching Executing clean in C__Users_aloie_Desktop_gestioneVoli] INFO  o.eclipse.m2e.core.internal.Bundles - 	Entry: C:\Program Files\Java\sts-4.18.1.RELEASE\plugins\org.eclipse.m2e.maven.runtime_3.8.701.20230209-1606\jars\guice-4.2.2-no_aop.jar
2023-05-22 10:40:28,296 [Worker-6: Launching Executing clean in C__Users_aloie_Desktop_gestioneVoli] INFO  o.eclipse.m2e.core.internal.Bundles - 	Entry: C:\Program Files\Java\sts-4.18.1.RELEASE\plugins\org.eclipse.m2e.maven.runtime_3.8.701.20230209-1606\jars\jansi-2.4.0.jar
2023-05-22 10:40:28,296 [Worker-6: Launching Executing clean in C__Users_aloie_Desktop_gestioneVoli] INFO  o.eclipse.m2e.core.internal.Bundles - 	Entry: C:\Program Files\Java\sts-4.18.1.RELEASE\plugins\org.eclipse.m2e.maven.runtime_3.8.701.20230209-1606\jars\maven-artifact-3.8.7.jar
2023-05-22 10:40:28,296 [Worker-6: Launching Executing clean in C__Users_aloie_Desktop_gestioneVoli] INFO  o.eclipse.m2e.core.internal.Bundles - 	Entry: C:\Program Files\Java\sts-4.18.1.RELEASE\plugins\org.eclipse.m2e.maven.runtime_3.8.701.20230209-1606\jars\maven-builder-support-3.8.7.jar
2023-05-22 10:40:28,296 [Worker-6: Launching Executing clean in C__Users_aloie_Desktop_gestioneVoli] INFO  o.eclipse.m2e.core.internal.Bundles - 	Entry: C:\Program Files\Java\sts-4.18.1.RELEASE\plugins\org.eclipse.m2e.maven.runtime_3.8.701.20230209-1606\jars\maven-compat-3.8.7.jar
2023-05-22 10:40:28,296 [Worker-6: Launching Executing clean in C__Users_aloie_Desktop_gestioneVoli] INFO  o.eclipse.m2e.core.internal.Bundles - 	Entry: C:\Program Files\Java\sts-4.18.1.RELEASE\plugins\org.eclipse.m2e.maven.runtime_3.8.701.20230209-1606\jars\maven-core-3.8.7.jar
2023-05-22 10:40:28,296 [Worker-6: Launching Executing clean in C__Users_aloie_Desktop_gestioneVoli] INFO  o.eclipse.m2e.core.internal.Bundles - 	Entry: C:\Program Files\Java\sts-4.18.1.RELEASE\plugins\org.eclipse.m2e.maven.runtime_3.8.701.20230209-1606\jars\maven-embedder-3.8.7.jar
2023-05-22 10:40:28,296 [Worker-6: Launching Executing clean in C__Users_aloie_Desktop_gestioneVoli] INFO  o.eclipse.m2e.core.internal.Bundles - 	Entry: C:\Program Files\Java\sts-4.18.1.RELEASE\plugins\org.eclipse.m2e.maven.runtime_3.8.701.20230209-1606\jars\maven-model-3.8.7.jar
2023-05-22 10:40:28,296 [Worker-6: Launching Executing clean in C__Users_aloie_Desktop_gestioneVoli] INFO  o.eclipse.m2e.core.internal.Bundles - 	Entry: C:\Program Files\Java\sts-4.18.1.RELEASE\plugins\org.eclipse.m2e.maven.runtime_3.8.701.20230209-1606\jars\maven-model-builder-3.8.7.jar
2023-05-22 10:40:28,296 [Worker-6: Launching Executing clean in C__Users_aloie_Desktop_gestioneVoli] INFO  o.eclipse.m2e.core.internal.Bundles - 	Entry: C:\Program Files\Java\sts-4.18.1.RELEASE\plugins\org.eclipse.m2e.maven.runtime_3.8.701.20230209-1606\jars\maven-plugin-api-3.8.7.jar
2023-05-22 10:40:28,296 [Worker-6: Launching Executing clean in C__Users_aloie_Desktop_gestioneVoli] INFO  o.eclipse.m2e.core.internal.Bundles - 	Entry: C:\Program Files\Java\sts-4.18.1.RELEASE\plugins\org.eclipse.m2e.maven.runtime_3.8.701.20230209-1606\jars\maven-repository-metadata-3.8.7.jar
2023-05-22 10:40:28,298 [Worker-6: Launching Executing clean in C__Users_aloie_Desktop_gestioneVoli] INFO  o.eclipse.m2e.core.internal.Bundles - 	Entry: C:\Program Files\Java\sts-4.18.1.RELEASE\plugins\org.eclipse.m2e.maven.runtime_3.8.701.20230209-1606\jars\maven-resolver-api-1.6.3.jar
2023-05-22 10:40:28,298 [Worker-6: Launching Executing clean in C__Users_aloie_Desktop_gestioneVoli] INFO  o.eclipse.m2e.core.internal.Bundles - 	Entry: C:\Program Files\Java\sts-4.18.1.RELEASE\plugins\org.eclipse.m2e.maven.runtime_3.8.701.20230209-1606\jars\maven-resolver-connector-basic-1.6.3.jar
2023-05-22 10:40:28,298 [Worker-6: Launching Executing clean in C__Users_aloie_Desktop_gestioneVoli] INFO  o.eclipse.m2e.core.internal.Bundles - 	Entry: C:\Program Files\Java\sts-4.18.1.RELEASE\plugins\org.eclipse.m2e.maven.runtime_3.8.701.20230209-1606\jars\maven-resolver-impl-1.6.3.jar
2023-05-22 10:40:28,299 [Worker-6: Launching Executing clean in C__Users_aloie_Desktop_gestioneVoli] INFO  o.eclipse.m2e.core.internal.Bundles - 	Entry: C:\Program Files\Java\sts-4.18.1.RELEASE\plugins\org.eclipse.m2e.maven.runtime_3.8.701.20230209-1606\jars\maven-resolver-provider-3.8.7.jar
2023-05-22 10:40:28,299 [Worker-6: Launching Executing clean in C__Users_aloie_Desktop_gestioneVoli] INFO  o.eclipse.m2e.core.internal.Bundles - 	Entry: C:\Program Files\Java\sts-4.18.1.RELEASE\plugins\org.eclipse.m2e.maven.runtime_3.8.701.20230209-1606\jars\maven-resolver-spi-1.6.3.jar
2023-05-22 10:40:28,299 [Worker-6: Launching Executing clean in C__Users_aloie_Desktop_gestioneVoli] INFO  o.eclipse.m2e.core.internal.Bundles - 	Entry: C:\Program Files\Java\sts-4.18.1.RELEASE\plugins\org.eclipse.m2e.maven.runtime_3.8.701.20230209-1606\jars\maven-resolver-transport-wagon-1.6.3.jar
2023-05-22 10:40:28,299 [Worker-6: Launching Executing clean in C__Users_aloie_Desktop_gestioneVoli] INFO  o.eclipse.m2e.core.internal.Bundles - 	Entry: C:\Program Files\Java\sts-4.18.1.RELEASE\plugins\org.eclipse.m2e.maven.runtime_3.8.701.20230209-1606\jars\maven-resolver-util-1.6.3.jar
2023-05-22 10:40:28,299 [Worker-6: Launching Executing clean in C__Users_aloie_Desktop_gestioneVoli] INFO  o.eclipse.m2e.core.internal.Bundles - 	Entry: C:\Program Files\Java\sts-4.18.1.RELEASE\plugins\org.eclipse.m2e.maven.runtime_3.8.701.20230209-1606\jars\maven-settings-3.8.7.jar
2023-05-22 10:40:28,299 [Worker-6: Launching Executing clean in C__Users_aloie_Desktop_gestioneVoli] INFO  o.eclipse.m2e.core.internal.Bundles - 	Entry: C:\Program Files\Java\sts-4.18.1.RELEASE\plugins\org.eclipse.m2e.maven.runtime_3.8.701.20230209-1606\jars\maven-settings-builder-3.8.7.jar
2023-05-22 10:40:28,299 [Worker-6: Launching Executing clean in C__Users_aloie_Desktop_gestioneVoli] INFO  o.eclipse.m2e.core.internal.Bundles - 	Entry: C:\Program Files\Java\sts-4.18.1.RELEASE\plugins\org.eclipse.m2e.maven.runtime_3.8.701.20230209-1606\jars\maven-shared-utils-3.3.4.jar
2023-05-22 10:40:28,299 [Worker-6: Launching Executing clean in C__Users_aloie_Desktop_gestioneVoli] INFO  o.eclipse.m2e.core.internal.Bundles - 	Entry: C:\Program Files\Java\sts-4.18.1.RELEASE\plugins\org.eclipse.m2e.maven.runtime_3.8.701.20230209-1606\jars\okhttp-3.14.1.jar
2023-05-22 10:40:28,300 [Worker-6: Launching Executing clean in C__Users_aloie_Desktop_gestioneVoli] INFO  o.eclipse.m2e.core.internal.Bundles - 	Entry: C:\Program Files\Java\sts-4.18.1.RELEASE\plugins\org.eclipse.m2e.maven.runtime_3.8.701.20230209-1606\jars\okio-1.17.3.jar
2023-05-22 10:40:28,300 [Worker-6: Launching Executing clean in C__Users_aloie_Desktop_gestioneVoli] INFO  o.eclipse.m2e.core.internal.Bundles - 	Entry: C:\Program Files\Java\sts-4.18.1.RELEASE\plugins\org.eclipse.m2e.maven.runtime_3.8.701.20230209-1606\jars\org.eclipse.sisu.inject-0.3.5.jar
2023-05-22 10:40:28,300 [Worker-6: Launching Executing clean in C__Users_aloie_Desktop_gestioneVoli] INFO  o.eclipse.m2e.core.internal.Bundles - 	Entry: C:\Program Files\Java\sts-4.18.1.RELEASE\plugins\org.eclipse.m2e.maven.runtime_3.8.701.20230209-1606\jars\org.eclipse.sisu.plexus-0.3.5.jar
2023-05-22 10:40:28,300 [Worker-6: Launching Executing clean in C__Users_aloie_Desktop_gestioneVoli] INFO  o.eclipse.m2e.core.internal.Bundles - 	Entry: C:\Program Files\Java\sts-4.18.1.RELEASE\plugins\org.eclipse.m2e.maven.runtime_3.8.701.20230209-1606\jars\plexus-build-api-0.0.7.jar
2023-05-22 10:40:28,300 [Worker-6: Launching Executing clean in C__Users_aloie_Desktop_gestioneVoli] INFO  o.eclipse.m2e.core.internal.Bundles - 	Entry: C:\Program Files\Java\sts-4.18.1.RELEASE\plugins\org.eclipse.m2e.maven.runtime_3.8.701.20230209-1606\jars\plexus-cipher-2.0.jar
2023-05-22 10:40:28,301 [Worker-6: Launching Executing clean in C__Users_aloie_Desktop_gestioneVoli] INFO  o.eclipse.m2e.core.internal.Bundles - 	Entry: C:\Program Files\Java\sts-4.18.1.RELEASE\plugins\org.eclipse.m2e.maven.runtime_3.8.701.20230209-1606\jars\plexus-classworlds-2.6.0.jar
2023-05-22 10:40:28,301 [Worker-6: Launching Executing clean in C__Users_aloie_Desktop_gestioneVoli] INFO  o.eclipse.m2e.core.internal.Bundles - 	Entry: C:\Program Files\Java\sts-4.18.1.RELEASE\plugins\org.eclipse.m2e.maven.runtime_3.8.701.20230209-1606\jars\plexus-component-annotations-2.1.0.jar
2023-05-22 10:40:28,301 [Worker-6: Launching Executing clean in C__Users_aloie_Desktop_gestioneVoli] INFO  o.eclipse.m2e.core.internal.Bundles - 	Entry: C:\Program Files\Java\sts-4.18.1.RELEASE\plugins\org.eclipse.m2e.maven.runtime_3.8.701.20230209-1606\jars\plexus-interpolation-1.26.jar
2023-05-22 10:40:28,301 [Worker-6: Launching Executing clean in C__Users_aloie_Desktop_gestioneVoli] INFO  o.eclipse.m2e.core.internal.Bundles - 	Entry: C:\Program Files\Java\sts-4.18.1.RELEASE\plugins\org.eclipse.m2e.maven.runtime_3.8.701.20230209-1606\jars\plexus-sec-dispatcher-2.0.jar
2023-05-22 10:40:28,302 [Worker-6: Launching Executing clean in C__Users_aloie_Desktop_gestioneVoli] INFO  o.eclipse.m2e.core.internal.Bundles - 	Entry: C:\Program Files\Java\sts-4.18.1.RELEASE\plugins\org.eclipse.m2e.maven.runtime_3.8.701.20230209-1606\jars\plexus-utils-3.3.1.jar
2023-05-22 10:40:28,302 [Worker-6: Launching Executing clean in C__Users_aloie_Desktop_gestioneVoli] INFO  o.eclipse.m2e.core.internal.Bundles - 	Entry: C:\Program Files\Java\sts-4.18.1.RELEASE\plugins\org.eclipse.m2e.maven.runtime_3.8.701.20230209-1606\jars\wagon-file-3.5.3.jar
2023-05-22 10:40:28,302 [Worker-6: Launching Executing clean in C__Users_aloie_Desktop_gestioneVoli] INFO  o.eclipse.m2e.core.internal.Bundles - 	Entry: C:\Program Files\Java\sts-4.18.1.RELEASE\plugins\org.eclipse.m2e.maven.runtime_3.8.701.20230209-1606\jars\wagon-provider-api-3.5.3.jar
2023-05-22 10:40:28,306 [Worker-6: Launching Executing clean in C__Users_aloie_Desktop_gestioneVoli] INFO  o.eclipse.m2e.core.internal.Bundles - getClasspathEntries(Bundle=com.google.guava_31.1.0.jre [23])
2023-05-22 10:40:28,306 [Worker-6: Launching Executing clean in C__Users_aloie_Desktop_gestioneVoli] INFO  o.eclipse.m2e.core.internal.Bundles - 	Entry: C:\Program Files\Java\sts-4.18.1.RELEASE\plugins\com.google.guava_31.1.0.jre.jar
2023-05-22 10:40:28,307 [Worker-6: Launching Executing clean in C__Users_aloie_Desktop_gestioneVoli] INFO  o.eclipse.m2e.core.internal.Bundles - getClasspathEntries(Bundle=slf4j.api_1.7.36 [580])
2023-05-22 10:40:28,308 [Worker-6: Launching Executing clean in C__Users_aloie_Desktop_gestioneVoli] INFO  o.eclipse.m2e.core.internal.Bundles - 	Entry: C:\Program Files\Java\sts-4.18.1.RELEASE\plugins\slf4j.api_1.7.36.jar
2023-05-22 10:40:28,308 [Worker-6: Launching Executing clean in C__Users_aloie_Desktop_gestioneVoli] INFO  o.eclipse.m2e.core.internal.Bundles - getClasspathEntries(Bundle=javax.inject_1.0.0.v20220405-0441 [50])
2023-05-22 10:40:28,309 [Worker-6: Launching Executing clean in C__Users_aloie_Desktop_gestioneVoli] INFO  o.eclipse.m2e.core.internal.Bundles - 	Entry: C:\Program Files\Java\sts-4.18.1.RELEASE\plugins\javax.inject_1.0.0.v20220405-0441.jar
2023-05-22 10:40:28,309 [Worker-6: Launching Executing clean in C__Users_aloie_Desktop_gestioneVoli] INFO  o.eclipse.m2e.core.internal.Bundles - getClasspathEntries(Bundle=javax.annotation_1.3.5.v20221203-1659 [48])
2023-05-22 10:40:28,310 [Worker-6: Launching Executing clean in C__Users_aloie_Desktop_gestioneVoli] INFO  o.eclipse.m2e.core.internal.Bundles - 	Entry: C:\Program Files\Java\sts-4.18.1.RELEASE\plugins\javax.annotation_1.3.5.v20221203-1659.jar
2023-05-22 10:40:28,311 [Worker-6: Launching Executing clean in C__Users_aloie_Desktop_gestioneVoli] INFO  o.eclipse.m2e.core.internal.Bundles - getClasspathEntries(Bundle=org.apache.commons.cli_1.4.0.v20221112-0806 [73])
2023-05-22 10:40:28,311 [Worker-6: Launching Executing clean in C__Users_aloie_Desktop_gestioneVoli] INFO  o.eclipse.m2e.core.internal.Bundles - 	Entry: C:\Program Files\Java\sts-4.18.1.RELEASE\plugins\org.apache.commons.cli_1.4.0.v20221112-0806.jar
2023-05-22 10:40:28,312 [Worker-6: Launching Executing clean in C__Users_aloie_Desktop_gestioneVoli] INFO  o.eclipse.m2e.core.internal.Bundles - getClasspathEntries(Bundle=com.google.guava.failureaccess_1.0.1 [25])
2023-05-22 10:40:28,312 [Worker-6: Launching Executing clean in C__Users_aloie_Desktop_gestioneVoli] INFO  o.eclipse.m2e.core.internal.Bundles - 	Entry: C:\Program Files\Java\sts-4.18.1.RELEASE\plugins\com.google.guava.failureaccess_1.0.1.jar
2023-05-22 10:40:28,316 [Worker-6: Launching Executing clean in C__Users_aloie_Desktop_gestioneVoli] INFO  o.e.m.i.launch.MavenLaunchDelegate - Run build in "C:\Users\aloie\Desktop\gestioneVoli":
2023-05-22 10:40:28,317 [Worker-6: Launching Executing clean in C__Users_aloie_Desktop_gestioneVoli] INFO  o.e.m.i.launch.MavenLaunchDelegate -  mvn  -Ppom.xml -B -Dstyle.color=always clean
2023-05-22 10:40:39,223 [Worker-4: Launching Executing install in C__Users_aloie_Desktop_gestioneVoli] INFO  o.e.m.i.launch.MavenLaunchDelegate - Run build in "C:\Users\aloie\Desktop\gestioneVoli":
2023-05-22 10:40:39,224 [Worker-4: Launching Executing install in C__Users_aloie_Desktop_gestioneVoli] INFO  o.e.m.i.launch.MavenLaunchDelegate -  mvn  -Ppom.xml -B -Dstyle.color=always install
2023-05-22 10:41:25,155 [main] INFO  o.e.m2e.actions.ExecutePomAction - Creating new launch configuration
2023-05-22 10:42:32,126 [Worker-10: Building] INFO  o.a.m.s.f.DefaultMavenResourcesFiltering - Copying 1 resource from src\main\resources to target\classes
2023-05-22 10:42:32,149 [Worker-10: Building] INFO  o.a.m.s.f.DefaultMavenResourcesFiltering - Copying 0 resource from src\main\resources to target\classes
2023-05-22 10:42:32,153 [Worker-10: Building] INFO  o.a.m.s.f.DefaultMavenResourcesFiltering - skip non existing resourceDirectory C:\Users\aloie\Desktop\gestioneVoli\src\test\resources
2023-05-22 10:42:32,534 [Worker-10: Building] INFO  o.a.m.s.f.DefaultMavenResourcesFiltering - Copying 0 resource from src\main\resources to target\classes
2023-05-22 10:42:32,535 [Worker-10: Building] INFO  o.a.m.s.f.DefaultMavenResourcesFiltering - Copying 0 resource from src\main\resources to target\classes
2023-05-22 10:42:32,539 [Worker-10: Building] INFO  o.a.m.s.f.DefaultMavenResourcesFiltering - skip non existing resourceDirectory C:\Users\aloie\Desktop\gestioneVoli\src\test\resources
2023-05-22 10:42:35,588 [Worker-0: Building] INFO  o.a.m.s.f.DefaultMavenResourcesFiltering - Copying 0 resource from src\main\resources to target\classes
2023-05-22 10:42:35,589 [Worker-0: Building] INFO  o.a.m.s.f.DefaultMavenResourcesFiltering - Copying 0 resource from src\main\resources to target\classes
2023-05-22 10:42:35,592 [Worker-0: Building] INFO  o.a.m.s.f.DefaultMavenResourcesFiltering - skip non existing resourceDirectory C:\Users\aloie\Desktop\gestioneVoli\src\test\resources
